[Wed 06/05/2026  1:38:18.94] === run_daily start === 
 
[Wed 06/05/2026  1:38:19.52] running soccer_routine.py (live dashboard pipeline) 
=== soccer_routine.py Ś 2026-05-06 (Adelaide) ===

[Phase 0] validate + dedupe + re-date
  dedupe=0  no_id=0  foreign=0  moved=0  re_dated=0

[Phase A] settle pending
  settled=3  skipped=4

[Phase A.5] backfill finished + enrich
  added=0  enriched=3

[Phase A.6] retrospective predictions
  retro=0

[Phase B] forecast new upcoming
  added=0

[Phase B.4] computed team streaks (PRIMARY) Ś derived from team match history
  + UEFA Champions League     Arsenal vs Atlķtico Madrid: 1 home / 2 away
  + UEFA Champions League     FC Bayern M³nchen vs Paris Saint-Germain: 2 home / 2 away
  + Eredivisie                Roda JC Kerkrade vs RKC Waalwijk: 3 home / 4 away
  + Eredivisie                RKC Waalwijk vs Willem II Tilburg: 4 home / 2 away
  + Eredivisie                Almere City FC vs De Graafschap: 2 home / 2 away

DONE. enriched=5

[Phase B.5] sportsbet odds
Fetching Premier League (united-kingdom/english-premier-league)
  events with odds: 19
Fetching LaLiga (spain/spanish-la-liga)
  events with odds: 30
Fetching Bundesliga (germany/german-bundesliga)
  events with odds: 9
Fetching Ligue 1 (france/french-ligue-1)
  events with odds: 10
Fetching UEFA Champions League (uefa-competitions/uefa-champions-league)
  events with odds: 2
Fetching Eredivisie (rest-of-europe/dutch-eredivisie)
  events with odds: 9
Fetching MLS (north-america/usa-major-league-soccer)
  events with odds: 273
Fetching Championship (united-kingdom/english-championship)
  events with odds: 2
Fetching League One (united-kingdom/english-league-one)
  events with odds: 19
Fetching League Two (united-kingdom/english-league-two)
  events with odds: 19
=== matched: 0 | unmatched: 5
  - ('UEFA Champions League', 'Arsenal', 'Atlķtico Madrid')
  - ('UEFA Champions League', 'FC Bayern M³nchen', 'Paris Saint-Germain')
  - ('Eredivisie', 'Roda JC Kerkrade', 'RKC Waalwijk')
  - ('Eredivisie', 'RKC Waalwijk', 'Willem II Tilburg')
  - ('Eredivisie', 'Almere City FC', 'De Graafschap')

[Phase B.6] streak odds
 +3 Arsenal vs Atlķtico Madrid
 +4 FC Bayern M³nchen vs Paris Saint-Germain
BUDGET reached. odds_added=7

[Phase B.7] prediction odds
 +2 Almere City FC vs De Graafschap
BUDGET reached. added=2

[Phase B.8] TheSportsDB fallback (records score hint when SofaScore was 403)
  2026-05-05: 3 total events / 0 finished
  2026-05-06: 3 total events / 0 finished

DONE. matched=0

[Phase B.9] Understat xG enrichment
  fetching Understat: Premier League (EPL)
    found 0 events, 0 finished
  fetching Understat: LaLiga (La_liga)
    found 0 events, 0 finished
  fetching Understat: Serie A (Serie_A)
    found 0 events, 0 finished
  fetching Understat: Bundesliga (Bundesliga)
    found 0 events, 0 finished
  fetching Understat: Ligue 1 (Ligue_1)
    found 0 events, 0 finished

DONE. enriched=0

[Phase C] update index.html
index.html updated: 10 leagues, 204 matches.

=== TOTAL: 204  FT: 199  upcoming: 5  | winner hit: 92  miss: 107  pending: 5 ===
 
[Wed 06/05/2026  1:40:36.99] running soccer_phases_routine.py (Phases 1-7) 
[1 Fixtures] ok  NOTE: Missing API_FOOTBALL_KEY/APISPORTS_KEY and Flashscore returned no fixtures; used local match_data.json fallback.
[2 Odds] ok  total=5 ready_for_phase_3=0 unmatched=0 blocked=5
[3 Team Context] ok  total=5 ready_for_phase_4=0 unresolved=0 upstream_blocked=5
[4 Predictions] ok  total=5 ready_for_phase_5=0 model_only=0 upstream_blocked=5
[5 Value & Risk] ok  total=5 bets=0 leans=0 no_value=0 upstream_blocked=5 scale=1.0
[6 Settlement] ok  settled_this_run=0 won=0 lost=0 pending=0 history_hit_rate=0.0 history_roi=-1.0

Daily summary: C:\Users\lvora\OneDrive\Betting\Soccer Stats\docs\agent-system\outputs\Phase7_Daily_Summary.md
Run log: C:\Users\lvora\OneDrive\Betting\Soccer Stats\docs\agent-system\outputs\Phase7_Run_Log.json
 
[Wed 06/05/2026  1:40:54.52] running auto_push.bat 
From https://github.com/Looneyz25/SoccerStats
 * branch            main       -> FETCH_HEAD
Current branch main is up to date.
To https://github.com/Looneyz25/SoccerStats.git
   4b1cb88..2f06c4c  main -> main
[Wed 06/05/2026  1:40:58.10] pushed to origin/main
[Wed 06/05/2026  1:40:58.10] === run_daily done === 
