[Thu 07/05/2026  1:33:50.97] === run_daily start === 
 
[Thu 07/05/2026  1:33:51.24] running soccer_routine.py (live dashboard pipeline) 
=== soccer_routine.py Ś 2026-05-07 (Adelaide) ===

[Phase 0] validate + dedupe + re-date
  dedupe=0  no_id=0  foreign=0  moved=0  re_dated=0

[Phase A] settle pending
  settled=2  skipped=2

[Phase A.5] backfill finished + enrich
  added=0  enriched=2

[Phase A.6] retrospective predictions
  retro=0

[Phase B] forecast new upcoming
  added=6

[Phase B.4] computed team streaks (PRIMARY) Ś derived from team match history
  + Premier League            Liverpool FC vs Chelsea: 1 home / 0 away
  + LaLiga                    Levante UD vs Osasuna: 1 home / 2 away
  + Bundesliga                Borussia Dortmund vs Eintracht Frankfurt: 0 home / 3 away
  + Ligue 1                   RC Lens vs Nantes: 4 home / 0 away
  + UEFA Champions League     FC Bayern M³nchen vs Paris Saint-Germain: 2 home / 2 away
  + Eredivisie                Roda JC Kerkrade vs RKC Waalwijk: 3 home / 3 away
  + Eredivisie                Almere City FC vs De Graafschap: 2 home / 2 away
  + Championship              Hull City vs Millwall: 2 home / 2 away
  + Championship              Middlesbrough vs Southampton: 1 home / 3 away

DONE. enriched=9

[Phase B.5] sportsbet odds
Fetching Premier League (united-kingdom/english-premier-league)
  events with odds: 19
Fetching LaLiga (spain/spanish-la-liga)
  events with odds: 30
Fetching Bundesliga (germany/german-bundesliga)
  events with odds: 9
Fetching Ligue 1 (france/french-ligue-1)
  events with odds: 10
Fetching UEFA Champions League (uefa-competitions/uefa-champions-league)
  events with odds: 1
Fetching Eredivisie (rest-of-europe/dutch-eredivisie)
  events with odds: 9
Fetching MLS (north-america/usa-major-league-soccer)
  events with odds: 283
Fetching Championship (united-kingdom/english-championship)
  events with odds: 2
Fetching League One (united-kingdom/english-league-one)
  events with odds: 19
Fetching League Two (united-kingdom/english-league-two)
  events with odds: 19
=== matched: 6 | unmatched: 3
  - ('UEFA Champions League', 'FC Bayern M³nchen', 'Paris Saint-Germain')
  - ('Eredivisie', 'Roda JC Kerkrade', 'RKC Waalwijk')
  - ('Eredivisie', 'Almere City FC', 'De Graafschap')

[Phase B.6] streak odds
 +4 Liverpool FC vs Chelsea
 +4 Levante UD vs Osasuna
 +2 Borussia Dortmund vs Eintracht Frankfurt
 +3 RC Lens vs Nantes
 +2 FC Bayern M³nchen vs Paris Saint-Germain
BUDGET reached. odds_added=15

[Phase B.7] prediction odds
 +3 Liverpool FC vs Chelsea
 +2 Levante UD vs Osasuna
 +2 Borussia Dortmund vs Eintracht Frankfurt
 +3 RC Lens vs Nantes
 +3 Hull City vs Millwall
 +3 Middlesbrough vs Southampton
BUDGET reached. added=16

[Phase B.8] TheSportsDB fallback (records score hint when SofaScore was 403)
  2026-05-06: 3 total events / 0 finished
  2026-05-07: 3 total events / 0 finished

DONE. matched=0

[Phase B.9] Understat xG enrichment
  fetching Understat: Premier League (EPL)
    found 0 events, 0 finished
  fetching Understat: LaLiga (La_liga)
    found 0 events, 0 finished
  fetching Understat: Serie A (Serie_A)
    found 0 events, 0 finished
  fetching Understat: Bundesliga (Bundesliga)
    found 0 events, 0 finished
  fetching Understat: Ligue 1 (Ligue_1)
    found 0 events, 0 finished

DONE. enriched=0

[Phase C] update index.html
index.html updated: 10 leagues, 210 matches.

=== TOTAL: 210  FT: 201  upcoming: 9  | winner hit: 93  miss: 108  pending: 9 ===
 
[Thu 07/05/2026  1:36:40.41] running soccer_phases_routine.py (Phases 1-7) 
[1 Fixtures] ok  NOTE: Missing API_FOOTBALL_KEY/APISPORTS_KEY and Flashscore returned no fixtures; used local match_data.json fallback.
[2 Odds] ok  total=9 ready_for_phase_3=0 unmatched=0 blocked=9
[3 Team Context] ok  total=9 ready_for_phase_4=0 unresolved=0 upstream_blocked=9
[4 Predictions] ok  total=9 ready_for_phase_5=0 model_only=0 upstream_blocked=9
[5 Value & Risk] ok  total=9 bets=0 leans=0 no_value=0 upstream_blocked=9 scale=1.0
[6 Settlement] ok  settled_this_run=0 won=0 lost=0 pending=0 history_hit_rate=0.0 history_roi=-1.0

Daily summary: C:\Users\lvora\OneDrive\Betting\Soccer Stats\docs\agent-system\outputs\Phase7_Daily_Summary.md
Run log: C:\Users\lvora\OneDrive\Betting\Soccer Stats\docs\agent-system\outputs\Phase7_Run_Log.json
 
[Thu 07/05/2026  1:37:04.72] running auto_push.bat 
From https://github.com/Looneyz25/SoccerStats
 * branch            main       -> FETCH_HEAD
error: cannot rebase: You have unstaged changes.
error: Please commit or stash them.
[Thu 07/05/2026  1:37:06.17] rebase conflict - resolving by preferring local for data files
fatal: no rebase in progress
[Thu 07/05/2026  1:37:06.17] rebase still failing - aborting and bailing out
[Thu 07/05/2026  1:37:06.34] === run_daily done === 
